<?xml version="1.0" encoding="UTF-8"?>
<!-- Generated by org.testng.reporters.JUnitReportReporter -->
<testsuite skipped="0" hostname="aDee-Powerhouse" name="com.portfolio1.testcases.Testcases" tests="2" failures="0" timestamp="24 Nov 2017 05:31:25 GMT" time="20.242" errors="0">
  <testcase name="firsttest" time="16.114" classname="com.portfolio1.testcases.Testcases"/>
  <testcase name="secondtest" time="4.128" classname="com.portfolio1.testcases.Testcases"/>
</testsuite> <!-- com.portfolio1.testcases.Testcases -->
